2021-01-20 11:30:15.087  INFO 11212 --- [main] lavalink.server.Launcher                 : 

[32m       .  [31m _                  _ _       _    [32m__ _ _
[32m      /\\ [31m| | __ ___   ____ _| (_)_ __ | | __[32m\ \ \ \
[32m     ( ( )[31m| |/ _` \ \ / / _` | | | '_ \| |/ /[32m \ \ \ \
[32m      \\/ [31m| | (_| |\ V / (_| | | | | | |   < [32m  ) ) ) )
[32m       '  [31m|_|\__,_| \_/ \__,_|_|_|_| |_|_|\_\[32m / / / /
[0m    =========================================[32m/_/_/_/[0m

	Version:        3.3.2.3
	Build:          1176
	Build time:     28.12.2020 18:59:16 UTC
	Branch          master
	Commit:         68d398a
	Commit time:    28.12.2020 18:56:23 UTC
	JVM:            13.0.2
	Lavaplayer      1.3.65

2021-01-20 11:30:15.271  INFO 11212 --- [main] lavalink.server.Launcher                 : Starting Launcher on WilliamROG with PID 11212 (C:\Users\Microsoft\Desktop\python\Discord_bot\Cogs\Lavalink.jar started by Microsoft in C:\Users\Microsoft\Desktop\python\Discord_bot\Cogs)
2021-01-20 11:30:15.272  INFO 11212 --- [main] lavalink.server.Launcher                 : No active profile set, falling back to default profiles: default
2021-01-20 11:30:15.320  WARN 11212 --- [background-preinit] o.s.h.c.j.Jackson2ObjectMapperBuilder    : For Jackson Kotlin classes support please add "com.fasterxml.jackson.module:jackson-module-kotlin" to the classpath
2021-01-20 11:30:17.719  WARN 11212 --- [main] io.undertow.websockets.jsr               : UT026010: Buffer pool was not set on WebSocketDeploymentInfo, the default pool will be used
2021-01-20 11:30:17.752  INFO 11212 --- [main] io.undertow.servlet                      : Initializing Spring embedded WebApplicationContext
2021-01-20 11:30:17.753  INFO 11212 --- [main] o.s.web.context.ContextLoader            : Root WebApplicationContext: initialization completed in 2399 ms
2021-01-20 11:30:18.238  WARN 11212 --- [main] l.server.config.SentryConfiguration      : Turning off sentry
2021-01-20 11:30:18.718  INFO 11212 --- [main] c.s.d.l.tools.GarbageCollectionMonitor   : GC monitoring enabled, reporting results every 2 minutes.
2021-01-20 11:30:19.561  INFO 11212 --- [main] lavalink.server.config.KoeConfiguration  : OS: Windows 10, Arch: amd64
2021-01-20 11:30:19.562  WARN 11212 --- [main] lavalink.server.config.KoeConfiguration  : This system and architecture appears to not support native audio sending! GC pauses may cause your bot to stutter during playback.
2021-01-20 11:30:19.895  INFO 11212 --- [main] o.s.s.concurrent.ThreadPoolTaskExecutor  : Initializing ExecutorService 'applicationTaskExecutor'
2021-01-20 11:30:20.326  INFO 11212 --- [main] org.xnio                                 : XNIO version 3.3.8.Final
2021-01-20 11:30:20.343  INFO 11212 --- [main] org.xnio.nio                             : XNIO NIO Implementation Version 3.3.8.Final
2021-01-20 11:30:20.437  INFO 11212 --- [main] o.s.b.w.e.u.UndertowServletWebServer     : Undertow started on port(s) 8080 (http) with context path ''
2021-01-20 11:30:20.444  INFO 11212 --- [main] lavalink.server.Launcher                 : Started Launcher in 6.203 seconds (JVM running for 7.421)
2021-01-20 11:30:20.448  INFO 11212 --- [main] lavalink.server.Launcher                 : You can safely ignore the big red warning about illegal reflection. See https://github.com/Frederikam/Lavalink/issues/295
2021-01-20 11:30:54.889  INFO 11212 --- [XNIO-1 task-1] io.undertow.servlet                      : Initializing Spring DispatcherServlet 'dispatcherServlet'
2021-01-20 11:30:54.890  INFO 11212 --- [XNIO-1 task-1] o.s.web.servlet.DispatcherServlet        : Initializing Servlet 'dispatcherServlet'
2021-01-20 11:30:54.899  INFO 11212 --- [XNIO-1 task-1] o.s.web.servlet.DispatcherServlet        : Completed initialization in 8 ms
2021-01-20 11:30:54.927  INFO 11212 --- [XNIO-1 task-1] l.server.io.HandshakeInterceptorImpl     : Incoming connection from /127.0.0.1:1808
2021-01-20 11:30:55.015  INFO 11212 --- [XNIO-1 task-1] lavalink.server.io.SocketServer          : Connection successfully established from /127.0.0.1:1808
2021-01-20 11:31:12.865  INFO 11212 --- [XNIO-1 task-2] l.server.player.AudioLoaderRestHandler   : Got request to load for identifier "ytsearch:start a riot"
2021-01-20 11:31:14.009  INFO 11212 --- [lava-daemon-pool-info-loader-2-thread-1] lavalink.server.player.AudioLoader       : Loaded playlist Search results for: start a riot
2021-01-20 11:31:14.997  INFO 11212 --- [XNIO-1 I/O-1] lavalink.server.io.SocketServer          : {"op": "volume", "guildId": "690871381281341480", "volume": 50}
2021-01-20 11:31:15.006  INFO 11212 --- [XNIO-1 I/O-1] lavalink.server.io.SocketServer          : {"op": "play", "guildId": "690871381281341480", "track": "QAAAbgIADFN0YXJ0IGEgUmlvdAAIZHVja3dydGgAAAAAAAKf4AALZE5SQzEzN28wajgAAQAraHR0cHM6Ly93d3cueW91dHViZS5jb20vd2F0Y2g/dj1kTlJDMTM3bzBqOAAHeW91dHViZQAAAAAAAAAA", "noReplace": false, "startTime": "0"}
2021-01-20 11:31:15.133  INFO 11212 --- [XNIO-1 I/O-1] lavalink.server.io.SocketServer          : {"op": "voiceUpdate", "guildId": "690871381281341480", "sessionId": "b97f79ef69737cfbc7c9fd9dc558188f", "event": {"token": "67608341667ef093", "guild_id": "690871381281341480", "endpoint": "singapore355.discord.media:443"}}
2021-01-20 11:31:16.565  INFO 11212 --- [lava-daemon-pool-playback-1-thread-1] c.s.l.c.natives.NativeLibraryLoader      : Native library libmpg123-0: loading with filter com.sedmelluq.discord.lavaplayer.natives.ConnectorNativeLibLoader$$Lambda$552/0x00000008011e5440@3749cbd1
2021-01-20 11:31:16.603  INFO 11212 --- [lava-daemon-pool-playback-1-thread-1] c.s.l.c.natives.NativeLibraryLoader      : Native library libmpg123-0: successfully loaded.
2021-01-20 11:31:16.604  INFO 11212 --- [lava-daemon-pool-playback-1-thread-1] c.s.l.c.natives.NativeLibraryLoader      : Native library connector: loading with filter null
2021-01-20 11:31:16.708  INFO 11212 --- [lava-daemon-pool-playback-1-thread-1] c.s.l.c.natives.NativeLibraryLoader      : Native library connector: successfully loaded.
2021-01-20 12:00:52.850  INFO 11212 --- [XNIO-1 task-4] l.server.player.AudioLoaderRestHandler   : Got request to load for identifier "ytsearch:start a riot"
2021-01-20 12:00:53.664  INFO 11212 --- [lava-daemon-pool-info-loader-2-thread-1] lavalink.server.player.AudioLoader       : Loaded playlist Search results for: start a riot
2021-01-20 12:00:53.694  INFO 11212 --- [XNIO-1 I/O-1] lavalink.server.io.SocketServer          : {"op": "play", "guildId": "690871381281341480", "track": "QAAAbgIADFN0YXJ0IGEgUmlvdAAIZHVja3dydGgAAAAAAAKf4AALZE5SQzEzN28wajgAAQAraHR0cHM6Ly93d3cueW91dHViZS5jb20vd2F0Y2g/dj1kTlJDMTM3bzBqOAAHeW91dHViZQAAAAAAAAAA", "noReplace": false, "startTime": "0"}
2021-01-20 12:00:58.636  INFO 11212 --- [XNIO-1 task-6] l.server.player.AudioLoaderRestHandler   : Got request to load for identifier "ytsearch:this is roddy rich"
2021-01-20 12:00:59.236  INFO 11212 --- [lava-daemon-pool-info-loader-2-thread-1] lavalink.server.player.AudioLoader       : Loaded playlist Search results for: this is roddy rich
